09:02:49.220 Config: {
	"UseFrontend": false,
	"UseMatchmaker": false,
	"UseHTTPS": false,
	"UseAuthentication": false,
	"LogToFile": true,
	"HomepageFile": "./custom_html/first.htm",
	"AdditionalRoutes": {
		"/test": "./custom_html/test.htm",
		"/streamming": "./custom_html/player.htm",
		"/sessionList": "./custom_html/sessionList.htm",
		"/session": "./custom_html/session.htm"
	}
}
09:02:49.222 No --PixelStreamingMonitorPort specified (or is 0). Running unmonitored.
09:02:49.265 Adding additional routes "/test" -> "./custom_html/test.htm"
09:02:49.266 Adding additional routes "/streamming" -> "./custom_html/player.htm"
09:02:49.266 Adding additional routes "/sessionList" -> "./custom_html/sessionList.htm"
09:02:49.267 Adding additional routes "/session" -> "./custom_html/session.htm"
09:02:49.284 WebSocket listening to Streamer connections on :8888
09:02:49.285 WebSocket listening to Players connections on :80
09:02:49.286 Http listening on *: 80
