17:28:49.617 Config: {
	"UseFrontend": false,
	"UseMatchmaker": false,
	"UseHTTPS": false,
	"UseAuthentication": false,
	"LogToFile": true,
	"HomepageFile": "./custom_html/first.htm",
	"AdditionalRoutes": {
		"/test": "./custom_html/test.htm",
		"/streamming": "./custom_html/player.htm",
		"/sessionList": "./custom_html/sessionList.htm",
		"/session": "./custom_html/session.htm"
	}
}
17:28:49.618 No --PixelStreamingMonitorPort specified (or is 0). Running unmonitored.
17:28:49.693 Adding additional routes "/test" -> "./custom_html/test.htm"
17:28:49.699 Adding additional routes "/streamming" -> "./custom_html/player.htm"
17:28:49.700 Adding additional routes "/sessionList" -> "./custom_html/sessionList.htm"
17:28:49.700 Adding additional routes "/session" -> "./custom_html/session.htm"
17:28:49.728 WebSocket listening to Streamer connections on :8888
17:28:49.729 WebSocket listening to Players connections on :80
17:28:49.731 Http listening on *: 80
